c:\users\habea\source\repos\pong\x64\debug\vc143.pdb
c:\users\habea\source\repos\pong\x64\debug\vc143.idb
c:\users\habea\source\repos\pong\x64\debug\ball.nativecodeanalysis.sarif
c:\users\habea\source\repos\pong\x64\debug\ball.nativecodeanalysis.xml
c:\users\habea\source\repos\pong\x64\debug\enemy.nativecodeanalysis.sarif
c:\users\habea\source\repos\pong\x64\debug\enemy.nativecodeanalysis.xml
c:\users\habea\source\repos\pong\x64\debug\game.nativecodeanalysis.sarif
c:\users\habea\source\repos\pong\x64\debug\game.nativecodeanalysis.xml
c:\users\habea\source\repos\pong\x64\debug\gamefield.nativecodeanalysis.sarif
c:\users\habea\source\repos\pong\x64\debug\gamefield.nativecodeanalysis.xml
c:\users\habea\source\repos\pong\x64\debug\gamegui.nativecodeanalysis.sarif
c:\users\habea\source\repos\pong\x64\debug\gamegui.nativecodeanalysis.xml
c:\users\habea\source\repos\pong\x64\debug\main.nativecodeanalysis.sarif
c:\users\habea\source\repos\pong\x64\debug\main.nativecodeanalysis.xml
c:\users\habea\source\repos\pong\x64\debug\movementcomponent.nativecodeanalysis.sarif
c:\users\habea\source\repos\pong\x64\debug\movementcomponent.nativecodeanalysis.xml
c:\users\habea\source\repos\pong\x64\debug\object.nativecodeanalysis.sarif
c:\users\habea\source\repos\pong\x64\debug\object.nativecodeanalysis.xml
c:\users\habea\source\repos\pong\x64\debug\paddle.nativecodeanalysis.sarif
c:\users\habea\source\repos\pong\x64\debug\paddle.nativecodeanalysis.xml
c:\users\habea\source\repos\pong\x64\debug\player.nativecodeanalysis.sarif
c:\users\habea\source\repos\pong\x64\debug\player.nativecodeanalysis.xml
c:\users\habea\source\repos\pong\x64\debug\soundscomponent.nativecodeanalysis.sarif
c:\users\habea\source\repos\pong\x64\debug\soundscomponent.nativecodeanalysis.xml
c:\users\habea\source\repos\pong\x64\debug\soundscomponent.obj
c:\users\habea\source\repos\pong\x64\debug\player.obj
c:\users\habea\source\repos\pong\x64\debug\paddle.obj
c:\users\habea\source\repos\pong\x64\debug\object.obj
c:\users\habea\source\repos\pong\x64\debug\movementcomponent.obj
c:\users\habea\source\repos\pong\x64\debug\main.obj
c:\users\habea\source\repos\pong\x64\debug\gamegui.obj
c:\users\habea\source\repos\pong\x64\debug\gamefield.obj
c:\users\habea\source\repos\pong\x64\debug\game.obj
c:\users\habea\source\repos\pong\x64\debug\enemy.obj
c:\users\habea\source\repos\pong\x64\debug\ball.obj
c:\users\habea\source\repos\pong\x64\debug\pong.ilk
c:\users\habea\source\repos\pong\x64\debug\pong.exe
c:\users\habea\source\repos\pong\x64\debug\pong.pdb
c:\users\habea\source\repos\pong\x64\debug\vc.nativecodeanalysis.all.xml
c:\users\habea\source\repos\pong\x64\debug\pong.tlog\cl.command.1.tlog
c:\users\habea\source\repos\pong\x64\debug\pong.tlog\cl.read.1.tlog
c:\users\habea\source\repos\pong\x64\debug\pong.tlog\cl.write.1.tlog
c:\users\habea\source\repos\pong\x64\debug\pong.tlog\link.command.1.tlog
c:\users\habea\source\repos\pong\x64\debug\pong.tlog\link.read.1.tlog
c:\users\habea\source\repos\pong\x64\debug\pong.tlog\link.write.1.tlog
